[0.074s] DEBUG:colcon:Command line arguments: ['/usr/bin/colcon', 'build']
[0.074s] DEBUG:colcon:Parsed command line arguments: Namespace(log_base=None, log_level=None, verb_name='build', build_base='build', install_base='install', merge_install=False, symlink_install=False, test_result_base=None, continue_on_error=False, executor='parallel', parallel_workers=32, event_handlers=None, ignore_user_meta=False, metas=['./colcon.meta'], base_paths=['.'], packages_ignore=None, packages_ignore_regex=None, paths=None, packages_up_to=None, packages_up_to_regex=None, packages_above=None, packages_above_and_dependencies=None, packages_above_depth=None, packages_select_by_dep=None, packages_skip_by_dep=None, packages_skip_up_to=None, packages_select_build_failed=False, packages_skip_build_finished=False, packages_select_test_failures=False, packages_skip_test_passed=False, packages_select=None, packages_skip=None, packages_select_regex=None, packages_skip_regex=None, packages_start=None, packages_end=None, allow_overriding=[], cmake_args=None, cmake_target=None, cmake_target_skip_unavailable=False, cmake_clean_cache=False, cmake_clean_first=False, cmake_force_configure=False, ament_cmake_args=None, catkin_cmake_args=None, catkin_skip_building_tests=False, verb_parser=<colcon_defaults.argument_parser.defaults.DefaultArgumentsDecorator object at 0x78774e747fa0>, verb_extension=<colcon_core.verb.build.BuildVerb object at 0x78774e746ec0>, main=<bound method BuildVerb.main of <colcon_core.verb.build.BuildVerb object at 0x78774e746ec0>>)
[0.168s] Level 1:colcon.colcon_core.package_discovery:discover_packages(colcon_meta) check parameters
[0.168s] Level 1:colcon.colcon_core.package_discovery:discover_packages(recursive) check parameters
[0.168s] Level 1:colcon.colcon_core.package_discovery:discover_packages(ignore) check parameters
[0.168s] Level 1:colcon.colcon_core.package_discovery:discover_packages(path) check parameters
[0.168s] Level 1:colcon.colcon_core.package_discovery:discover_packages(colcon_meta) discover
[0.168s] Level 1:colcon.colcon_core.package_discovery:discover_packages(recursive) discover
[0.168s] INFO:colcon.colcon_core.package_discovery:Crawling recursively for packages in '/home/sim_user/ros2_excavator'
[0.168s] Level 1:colcon.colcon_core.package_identification:_identify(.) by extensions ['ignore', 'ignore_ament_install']
[0.168s] Level 1:colcon.colcon_core.package_identification:_identify(.) by extension 'ignore'
[0.168s] Level 1:colcon.colcon_core.package_identification:_identify(.) by extension 'ignore_ament_install'
[0.168s] Level 1:colcon.colcon_core.package_identification:_identify(.) by extensions ['colcon_pkg']
[0.168s] Level 1:colcon.colcon_core.package_identification:_identify(.) by extension 'colcon_pkg'
[0.168s] Level 1:colcon.colcon_core.package_identification:_identify(.) by extensions ['colcon_meta']
[0.168s] Level 1:colcon.colcon_core.package_identification:_identify(.) by extension 'colcon_meta'
[0.168s] Level 1:colcon.colcon_core.package_identification:_identify(.) by extensions ['ros']
[0.168s] Level 1:colcon.colcon_core.package_identification:_identify(.) by extension 'ros'
[0.177s] Level 1:colcon.colcon_core.package_identification:_identify(.) by extensions ['cmake', 'python']
[0.177s] Level 1:colcon.colcon_core.package_identification:_identify(.) by extension 'cmake'
[0.177s] Level 1:colcon.colcon_core.package_identification:_identify(.) by extension 'python'
[0.177s] Level 1:colcon.colcon_core.package_identification:_identify(.) by extensions ['python_setup_py']
[0.177s] Level 1:colcon.colcon_core.package_identification:_identify(.) by extension 'python_setup_py'
[0.177s] Level 1:colcon.colcon_core.package_identification:_identify(build) by extensions ['ignore', 'ignore_ament_install']
[0.177s] Level 1:colcon.colcon_core.package_identification:_identify(build) by extension 'ignore'
[0.177s] Level 1:colcon.colcon_core.package_identification:_identify(build) ignored
[0.178s] Level 1:colcon.colcon_core.package_identification:_identify(install) by extensions ['ignore', 'ignore_ament_install']
[0.178s] Level 1:colcon.colcon_core.package_identification:_identify(install) by extension 'ignore'
[0.178s] Level 1:colcon.colcon_core.package_identification:_identify(install) ignored
[0.178s] Level 1:colcon.colcon_core.package_identification:_identify(log) by extensions ['ignore', 'ignore_ament_install']
[0.178s] Level 1:colcon.colcon_core.package_identification:_identify(log) by extension 'ignore'
[0.178s] Level 1:colcon.colcon_core.package_identification:_identify(log) ignored
[0.178s] Level 1:colcon.colcon_core.package_identification:_identify(src) by extensions ['ignore', 'ignore_ament_install']
[0.178s] Level 1:colcon.colcon_core.package_identification:_identify(src) by extension 'ignore'
[0.178s] Level 1:colcon.colcon_core.package_identification:_identify(src) by extension 'ignore_ament_install'
[0.178s] Level 1:colcon.colcon_core.package_identification:_identify(src) by extensions ['colcon_pkg']
[0.178s] Level 1:colcon.colcon_core.package_identification:_identify(src) by extension 'colcon_pkg'
[0.178s] Level 1:colcon.colcon_core.package_identification:_identify(src) by extensions ['colcon_meta']
[0.178s] Level 1:colcon.colcon_core.package_identification:_identify(src) by extension 'colcon_meta'
[0.178s] Level 1:colcon.colcon_core.package_identification:_identify(src) by extensions ['ros']
[0.178s] Level 1:colcon.colcon_core.package_identification:_identify(src) by extension 'ros'
[0.178s] Level 1:colcon.colcon_core.package_identification:_identify(src) by extensions ['cmake', 'python']
[0.178s] Level 1:colcon.colcon_core.package_identification:_identify(src) by extension 'cmake'
[0.178s] Level 1:colcon.colcon_core.package_identification:_identify(src) by extension 'python'
[0.178s] Level 1:colcon.colcon_core.package_identification:_identify(src) by extensions ['python_setup_py']
[0.178s] Level 1:colcon.colcon_core.package_identification:_identify(src) by extension 'python_setup_py'
[0.178s] Level 1:colcon.colcon_core.package_identification:_identify(src/controller_test) by extensions ['ignore', 'ignore_ament_install']
[0.178s] Level 1:colcon.colcon_core.package_identification:_identify(src/controller_test) by extension 'ignore'
[0.178s] Level 1:colcon.colcon_core.package_identification:_identify(src/controller_test) by extension 'ignore_ament_install'
[0.178s] Level 1:colcon.colcon_core.package_identification:_identify(src/controller_test) by extensions ['colcon_pkg']
[0.178s] Level 1:colcon.colcon_core.package_identification:_identify(src/controller_test) by extension 'colcon_pkg'
[0.178s] Level 1:colcon.colcon_core.package_identification:_identify(src/controller_test) by extensions ['colcon_meta']
[0.178s] Level 1:colcon.colcon_core.package_identification:_identify(src/controller_test) by extension 'colcon_meta'
[0.178s] Level 1:colcon.colcon_core.package_identification:_identify(src/controller_test) by extensions ['ros']
[0.178s] Level 1:colcon.colcon_core.package_identification:_identify(src/controller_test) by extension 'ros'
[0.179s] DEBUG:colcon.colcon_core.package_identification:Package 'src/controller_test' with type 'ros.ament_python' and name 'controller_test'
[0.179s] Level 1:colcon.colcon_core.package_identification:_identify(src/excavator_model) by extensions ['ignore', 'ignore_ament_install']
[0.179s] Level 1:colcon.colcon_core.package_identification:_identify(src/excavator_model) by extension 'ignore'
[0.179s] Level 1:colcon.colcon_core.package_identification:_identify(src/excavator_model) by extension 'ignore_ament_install'
[0.179s] Level 1:colcon.colcon_core.package_identification:_identify(src/excavator_model) by extensions ['colcon_pkg']
[0.180s] Level 1:colcon.colcon_core.package_identification:_identify(src/excavator_model) by extension 'colcon_pkg'
[0.180s] Level 1:colcon.colcon_core.package_identification:_identify(src/excavator_model) by extensions ['colcon_meta']
[0.180s] Level 1:colcon.colcon_core.package_identification:_identify(src/excavator_model) by extension 'colcon_meta'
[0.180s] Level 1:colcon.colcon_core.package_identification:_identify(src/excavator_model) by extensions ['ros']
[0.180s] Level 1:colcon.colcon_core.package_identification:_identify(src/excavator_model) by extension 'ros'
[0.180s] DEBUG:colcon.colcon_core.package_identification:Package 'src/excavator_model' with type 'ros.ament_python' and name 'excavator_model'
[0.180s] Level 1:colcon.colcon_core.package_identification:_identify(src/my_package) by extensions ['ignore', 'ignore_ament_install']
[0.180s] Level 1:colcon.colcon_core.package_identification:_identify(src/my_package) by extension 'ignore'
[0.180s] Level 1:colcon.colcon_core.package_identification:_identify(src/my_package) by extension 'ignore_ament_install'
[0.180s] Level 1:colcon.colcon_core.package_identification:_identify(src/my_package) by extensions ['colcon_pkg']
[0.180s] Level 1:colcon.colcon_core.package_identification:_identify(src/my_package) by extension 'colcon_pkg'
[0.180s] Level 1:colcon.colcon_core.package_identification:_identify(src/my_package) by extensions ['colcon_meta']
[0.180s] Level 1:colcon.colcon_core.package_identification:_identify(src/my_package) by extension 'colcon_meta'
[0.180s] Level 1:colcon.colcon_core.package_identification:_identify(src/my_package) by extensions ['ros']
[0.180s] Level 1:colcon.colcon_core.package_identification:_identify(src/my_package) by extension 'ros'
[0.180s] DEBUG:colcon.colcon_core.package_identification:Package 'src/my_package' with type 'ros.ament_python' and name 'my_package'
[0.180s] Level 1:colcon.colcon_core.package_discovery:discover_packages(recursive) using defaults
[0.180s] Level 1:colcon.colcon_core.package_discovery:discover_packages(ignore) discover
[0.180s] Level 1:colcon.colcon_core.package_discovery:discover_packages(ignore) using defaults
[0.180s] Level 1:colcon.colcon_core.package_discovery:discover_packages(path) discover
[0.180s] Level 1:colcon.colcon_core.package_discovery:discover_packages(path) using defaults
[0.196s] Level 1:colcon.colcon_core.package_discovery:discover_packages(prefix_path) check parameters
[0.196s] Level 1:colcon.colcon_core.package_discovery:discover_packages(prefix_path) discover
[0.200s] DEBUG:colcon.colcon_installed_package_information.package_discovery:Found 4 installed packages in /home/sim_user/ros2_excavator/install
[0.203s] DEBUG:colcon.colcon_installed_package_information.package_discovery:Found 345 installed packages in /home/sim_user/ros2_humble/install
[0.204s] DEBUG:colcon.colcon_installed_package_information.package_discovery:Found 102 installed packages in /opt/ros/humble
[0.206s] Level 1:colcon.colcon_core.package_discovery:discover_packages(prefix_path) using defaults
[0.220s] Level 5:colcon.colcon_core.verb:set package 'controller_test' build argument 'cmake_args' from command line to 'None'
[0.220s] Level 5:colcon.colcon_core.verb:set package 'controller_test' build argument 'cmake_target' from command line to 'None'
[0.220s] Level 5:colcon.colcon_core.verb:set package 'controller_test' build argument 'cmake_target_skip_unavailable' from command line to 'False'
[0.220s] Level 5:colcon.colcon_core.verb:set package 'controller_test' build argument 'cmake_clean_cache' from command line to 'False'
[0.220s] Level 5:colcon.colcon_core.verb:set package 'controller_test' build argument 'cmake_clean_first' from command line to 'False'
[0.220s] Level 5:colcon.colcon_core.verb:set package 'controller_test' build argument 'cmake_force_configure' from command line to 'False'
[0.220s] Level 5:colcon.colcon_core.verb:set package 'controller_test' build argument 'ament_cmake_args' from command line to 'None'
[0.220s] Level 5:colcon.colcon_core.verb:set package 'controller_test' build argument 'catkin_cmake_args' from command line to 'None'
[0.220s] Level 5:colcon.colcon_core.verb:set package 'controller_test' build argument 'catkin_skip_building_tests' from command line to 'False'
[0.220s] DEBUG:colcon.colcon_core.verb:Building package 'controller_test' with the following arguments: {'ament_cmake_args': None, 'build_base': '/home/sim_user/ros2_excavator/build/controller_test', 'catkin_cmake_args': None, 'catkin_skip_building_tests': False, 'cmake_args': None, 'cmake_clean_cache': False, 'cmake_clean_first': False, 'cmake_force_configure': False, 'cmake_target': None, 'cmake_target_skip_unavailable': False, 'install_base': '/home/sim_user/ros2_excavator/install/controller_test', 'merge_install': False, 'path': '/home/sim_user/ros2_excavator/src/controller_test', 'symlink_install': False, 'test_result_base': None}
[0.220s] Level 5:colcon.colcon_core.verb:set package 'excavator_model' build argument 'cmake_args' from command line to 'None'
[0.220s] Level 5:colcon.colcon_core.verb:set package 'excavator_model' build argument 'cmake_target' from command line to 'None'
[0.220s] Level 5:colcon.colcon_core.verb:set package 'excavator_model' build argument 'cmake_target_skip_unavailable' from command line to 'False'
[0.221s] Level 5:colcon.colcon_core.verb:set package 'excavator_model' build argument 'cmake_clean_cache' from command line to 'False'
[0.221s] Level 5:colcon.colcon_core.verb:set package 'excavator_model' build argument 'cmake_clean_first' from command line to 'False'
[0.221s] Level 5:colcon.colcon_core.verb:set package 'excavator_model' build argument 'cmake_force_configure' from command line to 'False'
[0.221s] Level 5:colcon.colcon_core.verb:set package 'excavator_model' build argument 'ament_cmake_args' from command line to 'None'
[0.221s] Level 5:colcon.colcon_core.verb:set package 'excavator_model' build argument 'catkin_cmake_args' from command line to 'None'
[0.221s] Level 5:colcon.colcon_core.verb:set package 'excavator_model' build argument 'catkin_skip_building_tests' from command line to 'False'
[0.221s] DEBUG:colcon.colcon_core.verb:Building package 'excavator_model' with the following arguments: {'ament_cmake_args': None, 'build_base': '/home/sim_user/ros2_excavator/build/excavator_model', 'catkin_cmake_args': None, 'catkin_skip_building_tests': False, 'cmake_args': None, 'cmake_clean_cache': False, 'cmake_clean_first': False, 'cmake_force_configure': False, 'cmake_target': None, 'cmake_target_skip_unavailable': False, 'install_base': '/home/sim_user/ros2_excavator/install/excavator_model', 'merge_install': False, 'path': '/home/sim_user/ros2_excavator/src/excavator_model', 'symlink_install': False, 'test_result_base': None}
[0.221s] Level 5:colcon.colcon_core.verb:set package 'my_package' build argument 'cmake_args' from command line to 'None'
[0.221s] Level 5:colcon.colcon_core.verb:set package 'my_package' build argument 'cmake_target' from command line to 'None'
[0.221s] Level 5:colcon.colcon_core.verb:set package 'my_package' build argument 'cmake_target_skip_unavailable' from command line to 'False'
[0.221s] Level 5:colcon.colcon_core.verb:set package 'my_package' build argument 'cmake_clean_cache' from command line to 'False'
[0.221s] Level 5:colcon.colcon_core.verb:set package 'my_package' build argument 'cmake_clean_first' from command line to 'False'
[0.221s] Level 5:colcon.colcon_core.verb:set package 'my_package' build argument 'cmake_force_configure' from command line to 'False'
[0.221s] Level 5:colcon.colcon_core.verb:set package 'my_package' build argument 'ament_cmake_args' from command line to 'None'
[0.221s] Level 5:colcon.colcon_core.verb:set package 'my_package' build argument 'catkin_cmake_args' from command line to 'None'
[0.221s] Level 5:colcon.colcon_core.verb:set package 'my_package' build argument 'catkin_skip_building_tests' from command line to 'False'
[0.221s] DEBUG:colcon.colcon_core.verb:Building package 'my_package' with the following arguments: {'ament_cmake_args': None, 'build_base': '/home/sim_user/ros2_excavator/build/my_package', 'catkin_cmake_args': None, 'catkin_skip_building_tests': False, 'cmake_args': None, 'cmake_clean_cache': False, 'cmake_clean_first': False, 'cmake_force_configure': False, 'cmake_target': None, 'cmake_target_skip_unavailable': False, 'install_base': '/home/sim_user/ros2_excavator/install/my_package', 'merge_install': False, 'path': '/home/sim_user/ros2_excavator/src/my_package', 'symlink_install': False, 'test_result_base': None}
[0.221s] INFO:colcon.colcon_core.executor:Executing jobs using 'parallel' executor
[0.221s] DEBUG:colcon.colcon_parallel_executor.executor.parallel:run_until_complete
[0.221s] INFO:colcon.colcon_ros.task.ament_python.build:Building ROS package in '/home/sim_user/ros2_excavator/src/controller_test' with build type 'ament_python'
[0.222s] Level 1:colcon.colcon_core.shell:create_environment_hook('controller_test', 'ament_prefix_path')
[0.224s] INFO:colcon.colcon_core.plugin_system:Skipping extension 'colcon_core.shell.bat': Not used on non-Windows systems
[0.224s] INFO:colcon.colcon_core.shell:Creating environment hook '/home/sim_user/ros2_excavator/install/controller_test/share/controller_test/hook/ament_prefix_path.ps1'
[0.224s] INFO:colcon.colcon_core.shell:Creating environment descriptor '/home/sim_user/ros2_excavator/install/controller_test/share/controller_test/hook/ament_prefix_path.dsv'
[0.224s] INFO:colcon.colcon_core.shell:Creating environment hook '/home/sim_user/ros2_excavator/install/controller_test/share/controller_test/hook/ament_prefix_path.sh'
[0.224s] INFO:colcon.colcon_core.shell:Skip shell extension 'powershell' for command environment: Not usable outside of PowerShell
[0.224s] DEBUG:colcon.colcon_core.shell:Skip shell extension 'dsv' for command environment
[0.232s] INFO:colcon.colcon_ros.task.ament_python.build:Building ROS package in '/home/sim_user/ros2_excavator/src/excavator_model' with build type 'ament_python'
[0.232s] Level 1:colcon.colcon_core.shell:create_environment_hook('excavator_model', 'ament_prefix_path')
[0.232s] INFO:colcon.colcon_core.shell:Creating environment hook '/home/sim_user/ros2_excavator/install/excavator_model/share/excavator_model/hook/ament_prefix_path.ps1'
[0.232s] INFO:colcon.colcon_core.shell:Creating environment descriptor '/home/sim_user/ros2_excavator/install/excavator_model/share/excavator_model/hook/ament_prefix_path.dsv'
[0.233s] INFO:colcon.colcon_core.shell:Creating environment hook '/home/sim_user/ros2_excavator/install/excavator_model/share/excavator_model/hook/ament_prefix_path.sh'
[0.233s] INFO:colcon.colcon_core.shell:Skip shell extension 'powershell' for command environment: Not usable outside of PowerShell
[0.233s] DEBUG:colcon.colcon_core.shell:Skip shell extension 'dsv' for command environment
[0.240s] INFO:colcon.colcon_ros.task.ament_python.build:Building ROS package in '/home/sim_user/ros2_excavator/src/my_package' with build type 'ament_python'
[0.240s] Level 1:colcon.colcon_core.shell:create_environment_hook('my_package', 'ament_prefix_path')
[0.240s] INFO:colcon.colcon_core.shell:Creating environment hook '/home/sim_user/ros2_excavator/install/my_package/share/my_package/hook/ament_prefix_path.ps1'
[0.241s] INFO:colcon.colcon_core.shell:Creating environment descriptor '/home/sim_user/ros2_excavator/install/my_package/share/my_package/hook/ament_prefix_path.dsv'
[0.241s] INFO:colcon.colcon_core.shell:Creating environment hook '/home/sim_user/ros2_excavator/install/my_package/share/my_package/hook/ament_prefix_path.sh'
[0.241s] INFO:colcon.colcon_core.shell:Skip shell extension 'powershell' for command environment: Not usable outside of PowerShell
[0.241s] DEBUG:colcon.colcon_core.shell:Skip shell extension 'dsv' for command environment
[0.560s] INFO:colcon.colcon_core.task.python.build:Building Python package in '/home/sim_user/ros2_excavator/src/controller_test'
[0.560s] INFO:colcon.colcon_core.shell:Skip shell extension 'powershell' for command environment: Not usable outside of PowerShell
[0.560s] DEBUG:colcon.colcon_core.shell:Skip shell extension 'dsv' for command environment
[1.008s] WARNING:colcon.colcon_ros.task.ament_python.build:Package 'excavator_model' doesn't explicitly install the 'package.xml' file (colcon-ros currently does it implicitly but that fallback will be removed in the future)
[1.008s] INFO:colcon.colcon_core.task.python.build:Building Python package in '/home/sim_user/ros2_excavator/src/excavator_model'
[1.009s] INFO:colcon.colcon_core.shell:Skip shell extension 'powershell' for command environment: Not usable outside of PowerShell
[1.009s] DEBUG:colcon.colcon_core.shell:Skip shell extension 'dsv' for command environment
[1.327s] INFO:colcon.colcon_core.task.python.build:Building Python package in '/home/sim_user/ros2_excavator/src/my_package'
[1.327s] INFO:colcon.colcon_core.shell:Skip shell extension 'powershell' for command environment: Not usable outside of PowerShell
[1.327s] DEBUG:colcon.colcon_core.shell:Skip shell extension 'dsv' for command environment
[1.636s] DEBUG:colcon.colcon_core.event_handler.log_command:Invoking command in '/home/sim_user/ros2_excavator/src/controller_test': PYTHONPATH=/home/sim_user/ros2_excavator/build/controller_test/prefix_override:/home/sim_user/ros2_excavator/install/controller_test/lib/python3.10/site-packages:${PYTHONPATH} /usr/bin/python3 -W ignore:setup.py install is deprecated setup.py egg_info --egg-base ../../build/controller_test build --build-base /home/sim_user/ros2_excavator/build/controller_test/build install --record /home/sim_user/ros2_excavator/build/controller_test/install.log --single-version-externally-managed install_data
[1.641s] DEBUG:colcon.colcon_core.event_handler.log_command:Invoking command in '/home/sim_user/ros2_excavator/src/excavator_model': PYTHONPATH=/home/sim_user/ros2_excavator/build/excavator_model/prefix_override:/home/sim_user/ros2_excavator/install/excavator_model/lib/python3.10/site-packages:${PYTHONPATH} /usr/bin/python3 -W ignore:setup.py install is deprecated setup.py egg_info --egg-base ../../build/excavator_model build --build-base /home/sim_user/ros2_excavator/build/excavator_model/build install --record /home/sim_user/ros2_excavator/build/excavator_model/install.log --single-version-externally-managed install_data
[1.641s] DEBUG:colcon.colcon_core.event_handler.log_command:Invoking command in '/home/sim_user/ros2_excavator/src/my_package': PYTHONPATH=/home/sim_user/ros2_excavator/build/my_package/prefix_override:/home/sim_user/ros2_excavator/install/my_package/lib/python3.10/site-packages:${PYTHONPATH} /usr/bin/python3 -W ignore:setup.py install is deprecated setup.py egg_info --egg-base ../../build/my_package build --build-base /home/sim_user/ros2_excavator/build/my_package/build install --record /home/sim_user/ros2_excavator/build/my_package/install.log --single-version-externally-managed install_data
[1.834s] DEBUG:colcon.colcon_core.event_handler.log_command:Invoked command in '/home/sim_user/ros2_excavator/src/controller_test' returned '0': PYTHONPATH=/home/sim_user/ros2_excavator/build/controller_test/prefix_override:/home/sim_user/ros2_excavator/install/controller_test/lib/python3.10/site-packages:${PYTHONPATH} /usr/bin/python3 -W ignore:setup.py install is deprecated setup.py egg_info --egg-base ../../build/controller_test build --build-base /home/sim_user/ros2_excavator/build/controller_test/build install --record /home/sim_user/ros2_excavator/build/controller_test/install.log --single-version-externally-managed install_data
[1.837s] Level 1:colcon.colcon_core.environment:checking '/home/sim_user/ros2_excavator/install/controller_test' for CMake module files
[1.837s] Level 1:colcon.colcon_core.environment:checking '/home/sim_user/ros2_excavator/install/controller_test' for CMake config files
[1.837s] Level 1:colcon.colcon_core.environment:checking '/home/sim_user/ros2_excavator/install/controller_test/lib'
[1.837s] Level 1:colcon.colcon_core.environment:checking '/home/sim_user/ros2_excavator/install/controller_test/bin'
[1.837s] Level 1:colcon.colcon_core.environment:checking '/home/sim_user/ros2_excavator/install/controller_test/lib/pkgconfig/controller_test.pc'
[1.837s] Level 1:colcon.colcon_core.environment:checking '/home/sim_user/ros2_excavator/install/controller_test/lib/python3.10/site-packages'
[1.837s] Level 1:colcon.colcon_core.shell:create_environment_hook('controller_test', 'pythonpath')
[1.838s] INFO:colcon.colcon_core.shell:Creating environment hook '/home/sim_user/ros2_excavator/install/controller_test/share/controller_test/hook/pythonpath.ps1'
[1.838s] INFO:colcon.colcon_core.shell:Creating environment descriptor '/home/sim_user/ros2_excavator/install/controller_test/share/controller_test/hook/pythonpath.dsv'
[1.838s] INFO:colcon.colcon_core.shell:Creating environment hook '/home/sim_user/ros2_excavator/install/controller_test/share/controller_test/hook/pythonpath.sh'
[1.838s] Level 1:colcon.colcon_core.environment:checking '/home/sim_user/ros2_excavator/install/controller_test/bin'
[1.838s] Level 1:colcon.colcon_core.environment:create_environment_scripts_only(controller_test)
[1.838s] INFO:colcon.colcon_core.shell:Creating package script '/home/sim_user/ros2_excavator/install/controller_test/share/controller_test/package.ps1'
[1.839s] INFO:colcon.colcon_core.shell:Creating package descriptor '/home/sim_user/ros2_excavator/install/controller_test/share/controller_test/package.dsv'
[1.839s] INFO:colcon.colcon_core.shell:Creating package script '/home/sim_user/ros2_excavator/install/controller_test/share/controller_test/package.sh'
[1.839s] INFO:colcon.colcon_core.shell:Creating package script '/home/sim_user/ros2_excavator/install/controller_test/share/controller_test/package.bash'
[1.839s] INFO:colcon.colcon_core.shell:Creating package script '/home/sim_user/ros2_excavator/install/controller_test/share/controller_test/package.zsh'
[1.839s] Level 1:colcon.colcon_core.environment:create_file_with_runtime_dependencies(/home/sim_user/ros2_excavator/install/controller_test/share/colcon-core/packages/controller_test)
[1.840s] Level 1:colcon.colcon_core.environment:checking '/home/sim_user/ros2_excavator/install/excavator_model' for CMake module files
[1.841s] DEBUG:colcon.colcon_core.event_handler.log_command:Invoked command in '/home/sim_user/ros2_excavator/src/excavator_model' returned '0': PYTHONPATH=/home/sim_user/ros2_excavator/build/excavator_model/prefix_override:/home/sim_user/ros2_excavator/install/excavator_model/lib/python3.10/site-packages:${PYTHONPATH} /usr/bin/python3 -W ignore:setup.py install is deprecated setup.py egg_info --egg-base ../../build/excavator_model build --build-base /home/sim_user/ros2_excavator/build/excavator_model/build install --record /home/sim_user/ros2_excavator/build/excavator_model/install.log --single-version-externally-managed install_data
[1.841s] Level 1:colcon.colcon_core.environment:checking '/home/sim_user/ros2_excavator/install/excavator_model' for CMake config files
[1.841s] Level 1:colcon.colcon_core.shell:create_environment_hook('excavator_model', 'cmake_prefix_path')
[1.841s] INFO:colcon.colcon_core.shell:Creating environment hook '/home/sim_user/ros2_excavator/install/excavator_model/share/excavator_model/hook/cmake_prefix_path.ps1'
[1.841s] INFO:colcon.colcon_core.shell:Creating environment descriptor '/home/sim_user/ros2_excavator/install/excavator_model/share/excavator_model/hook/cmake_prefix_path.dsv'
[1.841s] INFO:colcon.colcon_core.shell:Creating environment hook '/home/sim_user/ros2_excavator/install/excavator_model/share/excavator_model/hook/cmake_prefix_path.sh'
[1.841s] Level 1:colcon.colcon_core.environment:checking '/home/sim_user/ros2_excavator/install/excavator_model/lib'
[1.841s] Level 1:colcon.colcon_core.environment:checking '/home/sim_user/ros2_excavator/install/excavator_model/bin'
[1.841s] Level 1:colcon.colcon_core.environment:checking '/home/sim_user/ros2_excavator/install/excavator_model/lib/pkgconfig/excavator_model.pc'
[1.841s] Level 1:colcon.colcon_core.environment:checking '/home/sim_user/ros2_excavator/install/excavator_model/lib/python3.10/site-packages'
[1.841s] Level 1:colcon.colcon_core.shell:create_environment_hook('excavator_model', 'pythonpath')
[1.841s] INFO:colcon.colcon_core.shell:Creating environment hook '/home/sim_user/ros2_excavator/install/excavator_model/share/excavator_model/hook/pythonpath.ps1'
[1.842s] INFO:colcon.colcon_core.shell:Creating environment descriptor '/home/sim_user/ros2_excavator/install/excavator_model/share/excavator_model/hook/pythonpath.dsv'
[1.842s] INFO:colcon.colcon_core.shell:Creating environment hook '/home/sim_user/ros2_excavator/install/excavator_model/share/excavator_model/hook/pythonpath.sh'
[1.842s] Level 1:colcon.colcon_core.environment:checking '/home/sim_user/ros2_excavator/install/excavator_model/bin'
[1.842s] Level 1:colcon.colcon_core.environment:create_environment_scripts_only(excavator_model)
[1.842s] INFO:colcon.colcon_core.shell:Creating package script '/home/sim_user/ros2_excavator/install/excavator_model/share/excavator_model/package.ps1'
[1.842s] INFO:colcon.colcon_core.shell:Creating package descriptor '/home/sim_user/ros2_excavator/install/excavator_model/share/excavator_model/package.dsv'
[1.842s] INFO:colcon.colcon_core.shell:Creating package script '/home/sim_user/ros2_excavator/install/excavator_model/share/excavator_model/package.sh'
[1.842s] INFO:colcon.colcon_core.shell:Creating package script '/home/sim_user/ros2_excavator/install/excavator_model/share/excavator_model/package.bash'
[1.843s] INFO:colcon.colcon_core.shell:Creating package script '/home/sim_user/ros2_excavator/install/excavator_model/share/excavator_model/package.zsh'
[1.843s] Level 1:colcon.colcon_core.environment:create_file_with_runtime_dependencies(/home/sim_user/ros2_excavator/install/excavator_model/share/colcon-core/packages/excavator_model)
[1.843s] Level 1:colcon.colcon_core.environment:checking '/home/sim_user/ros2_excavator/install/my_package' for CMake module files
[1.843s] DEBUG:colcon.colcon_core.event_handler.log_command:Invoked command in '/home/sim_user/ros2_excavator/src/my_package' returned '0': PYTHONPATH=/home/sim_user/ros2_excavator/build/my_package/prefix_override:/home/sim_user/ros2_excavator/install/my_package/lib/python3.10/site-packages:${PYTHONPATH} /usr/bin/python3 -W ignore:setup.py install is deprecated setup.py egg_info --egg-base ../../build/my_package build --build-base /home/sim_user/ros2_excavator/build/my_package/build install --record /home/sim_user/ros2_excavator/build/my_package/install.log --single-version-externally-managed install_data
[1.843s] Level 1:colcon.colcon_core.environment:checking '/home/sim_user/ros2_excavator/install/my_package' for CMake config files
[1.843s] Level 1:colcon.colcon_core.environment:checking '/home/sim_user/ros2_excavator/install/my_package/lib'
[1.843s] Level 1:colcon.colcon_core.environment:checking '/home/sim_user/ros2_excavator/install/my_package/bin'
[1.843s] Level 1:colcon.colcon_core.environment:checking '/home/sim_user/ros2_excavator/install/my_package/lib/pkgconfig/my_package.pc'
[1.843s] Level 1:colcon.colcon_core.environment:checking '/home/sim_user/ros2_excavator/install/my_package/lib/python3.10/site-packages'
[1.844s] Level 1:colcon.colcon_core.shell:create_environment_hook('my_package', 'pythonpath')
[1.844s] INFO:colcon.colcon_core.shell:Creating environment hook '/home/sim_user/ros2_excavator/install/my_package/share/my_package/hook/pythonpath.ps1'
[1.844s] INFO:colcon.colcon_core.shell:Creating environment descriptor '/home/sim_user/ros2_excavator/install/my_package/share/my_package/hook/pythonpath.dsv'
[1.844s] INFO:colcon.colcon_core.shell:Creating environment hook '/home/sim_user/ros2_excavator/install/my_package/share/my_package/hook/pythonpath.sh'
[1.844s] Level 1:colcon.colcon_core.environment:checking '/home/sim_user/ros2_excavator/install/my_package/bin'
[1.844s] Level 1:colcon.colcon_core.environment:create_environment_scripts_only(my_package)
[1.844s] INFO:colcon.colcon_core.shell:Creating package script '/home/sim_user/ros2_excavator/install/my_package/share/my_package/package.ps1'
[1.844s] INFO:colcon.colcon_core.shell:Creating package descriptor '/home/sim_user/ros2_excavator/install/my_package/share/my_package/package.dsv'
[1.844s] INFO:colcon.colcon_core.shell:Creating package script '/home/sim_user/ros2_excavator/install/my_package/share/my_package/package.sh'
[1.845s] INFO:colcon.colcon_core.shell:Creating package script '/home/sim_user/ros2_excavator/install/my_package/share/my_package/package.bash'
[1.845s] INFO:colcon.colcon_core.shell:Creating package script '/home/sim_user/ros2_excavator/install/my_package/share/my_package/package.zsh'
[1.845s] Level 1:colcon.colcon_core.environment:create_file_with_runtime_dependencies(/home/sim_user/ros2_excavator/install/my_package/share/colcon-core/packages/my_package)
[1.845s] DEBUG:colcon.colcon_parallel_executor.executor.parallel:closing loop
[1.845s] DEBUG:colcon.colcon_parallel_executor.executor.parallel:loop closed
[1.845s] DEBUG:colcon.colcon_parallel_executor.executor.parallel:run_until_complete finished with '0'
[1.845s] DEBUG:colcon.colcon_core.event_reactor:joining thread
[1.851s] INFO:colcon.colcon_core.plugin_system:Skipping extension 'colcon_notification.desktop_notification.terminal_notifier': Not used on non-Darwin systems
[1.851s] INFO:colcon.colcon_core.plugin_system:Skipping extension 'colcon_notification.desktop_notification.win32': Not used on non-Windows systems
[1.851s] INFO:colcon.colcon_notification.desktop_notification:Sending desktop notification using 'notify2'
[1.860s] DEBUG:colcon.colcon_core.event_reactor:joined thread
[1.861s] INFO:colcon.colcon_core.shell:Creating prefix script '/home/sim_user/ros2_excavator/install/local_setup.ps1'
[1.862s] INFO:colcon.colcon_core.shell:Creating prefix util module '/home/sim_user/ros2_excavator/install/_local_setup_util_ps1.py'
[1.864s] INFO:colcon.colcon_core.shell:Creating prefix chain script '/home/sim_user/ros2_excavator/install/setup.ps1'
[1.885s] INFO:colcon.colcon_core.shell:Creating prefix script '/home/sim_user/ros2_excavator/install/local_setup.sh'
[1.886s] INFO:colcon.colcon_core.shell:Creating prefix util module '/home/sim_user/ros2_excavator/install/_local_setup_util_sh.py'
[1.887s] INFO:colcon.colcon_core.shell:Creating prefix chain script '/home/sim_user/ros2_excavator/install/setup.sh'
[1.907s] INFO:colcon.colcon_core.shell:Creating prefix script '/home/sim_user/ros2_excavator/install/local_setup.bash'
[1.908s] INFO:colcon.colcon_core.shell:Creating prefix chain script '/home/sim_user/ros2_excavator/install/setup.bash'
[1.927s] INFO:colcon.colcon_core.shell:Creating prefix script '/home/sim_user/ros2_excavator/install/local_setup.zsh'
[1.927s] INFO:colcon.colcon_core.shell:Creating prefix chain script '/home/sim_user/ros2_excavator/install/setup.zsh'
