running egg_info
creating ../../build/excavator_model/excavator_model.egg-info
writing ../../build/excavator_model/excavator_model.egg-info/PKG-INFO
writing dependency_links to ../../build/excavator_model/excavator_model.egg-info/dependency_links.txt
writing entry points to ../../build/excavator_model/excavator_model.egg-info/entry_points.txt
writing requirements to ../../build/excavator_model/excavator_model.egg-info/requires.txt
writing top-level names to ../../build/excavator_model/excavator_model.egg-info/top_level.txt
writing manifest file '../../build/excavator_model/excavator_model.egg-info/SOURCES.txt'
reading manifest file '../../build/excavator_model/excavator_model.egg-info/SOURCES.txt'
writing manifest file '../../build/excavator_model/excavator_model.egg-info/SOURCES.txt'
running build
running build_py
creating /home/sim_user/ros2_excavator/build/excavator_model/build
creating /home/sim_user/ros2_excavator/build/excavator_model/build/lib
creating /home/sim_user/ros2_excavator/build/excavator_model/build/lib/excavator_model
copying excavator_model/__init__.py -> /home/sim_user/ros2_excavator/build/excavator_model/build/lib/excavator_model
running install
running install_lib
creating /home/sim_user/ros2_excavator/install/excavator_model/lib/python3.10/site-packages/excavator_model
copying /home/sim_user/ros2_excavator/build/excavator_model/build/lib/excavator_model/__init__.py -> /home/sim_user/ros2_excavator/install/excavator_model/lib/python3.10/site-packages/excavator_model
byte-compiling /home/sim_user/ros2_excavator/install/excavator_model/lib/python3.10/site-packages/excavator_model/__init__.py to __init__.cpython-310.pyc
running install_data
copying resource/excavator_model -> /home/sim_user/ros2_excavator/install/excavator_model/share/ament_index/resource_index/packages
copying package.xml -> /home/sim_user/ros2_excavator/install/excavator_model/share/excavator_model
running install_egg_info
Copying ../../build/excavator_model/excavator_model.egg-info to /home/sim_user/ros2_excavator/install/excavator_model/lib/python3.10/site-packages/excavator_model-0.0.0-py3.10.egg-info
running install_scripts
writing list of installed files to '/home/sim_user/ros2_excavator/build/excavator_model/install.log'
