[0.081s] DEBUG:colcon:Command line arguments: ['/usr/bin/colcon', 'build']
[0.081s] DEBUG:colcon:Parsed command line arguments: Namespace(log_base=None, log_level=None, verb_name='build', build_base='build', install_base='install', merge_install=False, symlink_install=False, test_result_base=None, continue_on_error=False, executor='parallel', parallel_workers=32, event_handlers=None, ignore_user_meta=False, metas=['./colcon.meta'], base_paths=['.'], packages_ignore=None, packages_ignore_regex=None, paths=None, packages_up_to=None, packages_up_to_regex=None, packages_above=None, packages_above_and_dependencies=None, packages_above_depth=None, packages_select_by_dep=None, packages_skip_by_dep=None, packages_skip_up_to=None, packages_select_build_failed=False, packages_skip_build_finished=False, packages_select_test_failures=False, packages_skip_test_passed=False, packages_select=None, packages_skip=None, packages_select_regex=None, packages_skip_regex=None, packages_start=None, packages_end=None, allow_overriding=[], cmake_args=None, cmake_target=None, cmake_target_skip_unavailable=False, cmake_clean_cache=False, cmake_clean_first=False, cmake_force_configure=False, ament_cmake_args=None, catkin_cmake_args=None, catkin_skip_building_tests=False, verb_parser=<colcon_defaults.argument_parser.defaults.DefaultArgumentsDecorator object at 0x70399704bf10>, verb_extension=<colcon_core.verb.build.BuildVerb object at 0x70399704ae30>, main=<bound method BuildVerb.main of <colcon_core.verb.build.BuildVerb object at 0x70399704ae30>>)
[0.214s] Level 1:colcon.colcon_core.package_discovery:discover_packages(colcon_meta) check parameters
[0.214s] Level 1:colcon.colcon_core.package_discovery:discover_packages(recursive) check parameters
[0.214s] Level 1:colcon.colcon_core.package_discovery:discover_packages(ignore) check parameters
[0.214s] Level 1:colcon.colcon_core.package_discovery:discover_packages(path) check parameters
[0.214s] Level 1:colcon.colcon_core.package_discovery:discover_packages(colcon_meta) discover
[0.214s] Level 1:colcon.colcon_core.package_discovery:discover_packages(recursive) discover
[0.214s] INFO:colcon.colcon_core.package_discovery:Crawling recursively for packages in '/home/sim_user/ros2_excavator'
[0.214s] Level 1:colcon.colcon_core.package_identification:_identify(.) by extensions ['ignore', 'ignore_ament_install']
[0.214s] Level 1:colcon.colcon_core.package_identification:_identify(.) by extension 'ignore'
[0.214s] Level 1:colcon.colcon_core.package_identification:_identify(.) by extension 'ignore_ament_install'
[0.214s] Level 1:colcon.colcon_core.package_identification:_identify(.) by extensions ['colcon_pkg']
[0.214s] Level 1:colcon.colcon_core.package_identification:_identify(.) by extension 'colcon_pkg'
[0.214s] Level 1:colcon.colcon_core.package_identification:_identify(.) by extensions ['colcon_meta']
[0.214s] Level 1:colcon.colcon_core.package_identification:_identify(.) by extension 'colcon_meta'
[0.215s] Level 1:colcon.colcon_core.package_identification:_identify(.) by extensions ['ros']
[0.215s] Level 1:colcon.colcon_core.package_identification:_identify(.) by extension 'ros'
[0.224s] Level 1:colcon.colcon_core.package_identification:_identify(.) by extensions ['cmake', 'python']
[0.224s] Level 1:colcon.colcon_core.package_identification:_identify(.) by extension 'cmake'
[0.224s] Level 1:colcon.colcon_core.package_identification:_identify(.) by extension 'python'
[0.224s] Level 1:colcon.colcon_core.package_identification:_identify(.) by extensions ['python_setup_py']
[0.224s] Level 1:colcon.colcon_core.package_identification:_identify(.) by extension 'python_setup_py'
[0.224s] Level 1:colcon.colcon_core.package_identification:_identify(build) by extensions ['ignore', 'ignore_ament_install']
[0.224s] Level 1:colcon.colcon_core.package_identification:_identify(build) by extension 'ignore'
[0.224s] Level 1:colcon.colcon_core.package_identification:_identify(build) ignored
[0.224s] Level 1:colcon.colcon_core.package_identification:_identify(install) by extensions ['ignore', 'ignore_ament_install']
[0.224s] Level 1:colcon.colcon_core.package_identification:_identify(install) by extension 'ignore'
[0.224s] Level 1:colcon.colcon_core.package_identification:_identify(install) ignored
[0.224s] Level 1:colcon.colcon_core.package_identification:_identify(log) by extensions ['ignore', 'ignore_ament_install']
[0.224s] Level 1:colcon.colcon_core.package_identification:_identify(log) by extension 'ignore'
[0.224s] Level 1:colcon.colcon_core.package_identification:_identify(log) ignored
[0.224s] Level 1:colcon.colcon_core.package_identification:_identify(src) by extensions ['ignore', 'ignore_ament_install']
[0.225s] Level 1:colcon.colcon_core.package_identification:_identify(src) by extension 'ignore'
[0.225s] Level 1:colcon.colcon_core.package_identification:_identify(src) by extension 'ignore_ament_install'
[0.225s] Level 1:colcon.colcon_core.package_identification:_identify(src) by extensions ['colcon_pkg']
[0.225s] Level 1:colcon.colcon_core.package_identification:_identify(src) by extension 'colcon_pkg'
[0.225s] Level 1:colcon.colcon_core.package_identification:_identify(src) by extensions ['colcon_meta']
[0.225s] Level 1:colcon.colcon_core.package_identification:_identify(src) by extension 'colcon_meta'
[0.225s] Level 1:colcon.colcon_core.package_identification:_identify(src) by extensions ['ros']
[0.225s] Level 1:colcon.colcon_core.package_identification:_identify(src) by extension 'ros'
[0.225s] Level 1:colcon.colcon_core.package_identification:_identify(src) by extensions ['cmake', 'python']
[0.225s] Level 1:colcon.colcon_core.package_identification:_identify(src) by extension 'cmake'
[0.225s] Level 1:colcon.colcon_core.package_identification:_identify(src) by extension 'python'
[0.225s] Level 1:colcon.colcon_core.package_identification:_identify(src) by extensions ['python_setup_py']
[0.225s] Level 1:colcon.colcon_core.package_identification:_identify(src) by extension 'python_setup_py'
[0.225s] Level 1:colcon.colcon_core.package_identification:_identify(src/controller_test) by extensions ['ignore', 'ignore_ament_install']
[0.225s] Level 1:colcon.colcon_core.package_identification:_identify(src/controller_test) by extension 'ignore'
[0.225s] Level 1:colcon.colcon_core.package_identification:_identify(src/controller_test) by extension 'ignore_ament_install'
[0.225s] Level 1:colcon.colcon_core.package_identification:_identify(src/controller_test) by extensions ['colcon_pkg']
[0.225s] Level 1:colcon.colcon_core.package_identification:_identify(src/controller_test) by extension 'colcon_pkg'
[0.225s] Level 1:colcon.colcon_core.package_identification:_identify(src/controller_test) by extensions ['colcon_meta']
[0.225s] Level 1:colcon.colcon_core.package_identification:_identify(src/controller_test) by extension 'colcon_meta'
[0.225s] Level 1:colcon.colcon_core.package_identification:_identify(src/controller_test) by extensions ['ros']
[0.225s] Level 1:colcon.colcon_core.package_identification:_identify(src/controller_test) by extension 'ros'
[0.226s] DEBUG:colcon.colcon_core.package_identification:Package 'src/controller_test' with type 'ros.ament_python' and name 'controller_test'
[0.226s] Level 1:colcon.colcon_core.package_identification:_identify(src/excavator_model) by extensions ['ignore', 'ignore_ament_install']
[0.226s] Level 1:colcon.colcon_core.package_identification:_identify(src/excavator_model) by extension 'ignore'
[0.226s] Level 1:colcon.colcon_core.package_identification:_identify(src/excavator_model) by extension 'ignore_ament_install'
[0.226s] Level 1:colcon.colcon_core.package_identification:_identify(src/excavator_model) by extensions ['colcon_pkg']
[0.226s] Level 1:colcon.colcon_core.package_identification:_identify(src/excavator_model) by extension 'colcon_pkg'
[0.226s] Level 1:colcon.colcon_core.package_identification:_identify(src/excavator_model) by extensions ['colcon_meta']
[0.226s] Level 1:colcon.colcon_core.package_identification:_identify(src/excavator_model) by extension 'colcon_meta'
[0.226s] Level 1:colcon.colcon_core.package_identification:_identify(src/excavator_model) by extensions ['ros']
[0.226s] Level 1:colcon.colcon_core.package_identification:_identify(src/excavator_model) by extension 'ros'
[0.227s] DEBUG:colcon.colcon_core.package_identification:Package 'src/excavator_model' with type 'ros.ament_python' and name 'excavator_model'
[0.227s] Level 1:colcon.colcon_core.package_identification:_identify(src/my_package) by extensions ['ignore', 'ignore_ament_install']
[0.227s] Level 1:colcon.colcon_core.package_identification:_identify(src/my_package) by extension 'ignore'
[0.227s] Level 1:colcon.colcon_core.package_identification:_identify(src/my_package) by extension 'ignore_ament_install'
[0.227s] Level 1:colcon.colcon_core.package_identification:_identify(src/my_package) by extensions ['colcon_pkg']
[0.227s] Level 1:colcon.colcon_core.package_identification:_identify(src/my_package) by extension 'colcon_pkg'
[0.227s] Level 1:colcon.colcon_core.package_identification:_identify(src/my_package) by extensions ['colcon_meta']
[0.227s] Level 1:colcon.colcon_core.package_identification:_identify(src/my_package) by extension 'colcon_meta'
[0.227s] Level 1:colcon.colcon_core.package_identification:_identify(src/my_package) by extensions ['ros']
[0.227s] Level 1:colcon.colcon_core.package_identification:_identify(src/my_package) by extension 'ros'
[0.227s] DEBUG:colcon.colcon_core.package_identification:Package 'src/my_package' with type 'ros.ament_python' and name 'my_package'
[0.227s] Level 1:colcon.colcon_core.package_discovery:discover_packages(recursive) using defaults
[0.227s] Level 1:colcon.colcon_core.package_discovery:discover_packages(ignore) discover
[0.227s] Level 1:colcon.colcon_core.package_discovery:discover_packages(ignore) using defaults
[0.227s] Level 1:colcon.colcon_core.package_discovery:discover_packages(path) discover
[0.227s] Level 1:colcon.colcon_core.package_discovery:discover_packages(path) using defaults
[0.243s] Level 1:colcon.colcon_core.package_discovery:discover_packages(prefix_path) check parameters
[0.243s] Level 1:colcon.colcon_core.package_discovery:discover_packages(prefix_path) discover
[0.307s] DEBUG:colcon.colcon_installed_package_information.package_discovery:Found 4 installed packages in /home/sim_user/ros2_excavator/install
[0.323s] DEBUG:colcon.colcon_installed_package_information.package_discovery:Found 345 installed packages in /home/sim_user/ros2_humble/install
[0.329s] DEBUG:colcon.colcon_installed_package_information.package_discovery:Found 102 installed packages in /opt/ros/humble
[0.336s] Level 1:colcon.colcon_core.package_discovery:discover_packages(prefix_path) using defaults
[0.444s] Level 5:colcon.colcon_core.verb:set package 'controller_test' build argument 'cmake_args' from command line to 'None'
[0.444s] Level 5:colcon.colcon_core.verb:set package 'controller_test' build argument 'cmake_target' from command line to 'None'
[0.444s] Level 5:colcon.colcon_core.verb:set package 'controller_test' build argument 'cmake_target_skip_unavailable' from command line to 'False'
[0.444s] Level 5:colcon.colcon_core.verb:set package 'controller_test' build argument 'cmake_clean_cache' from command line to 'False'
[0.444s] Level 5:colcon.colcon_core.verb:set package 'controller_test' build argument 'cmake_clean_first' from command line to 'False'
[0.445s] Level 5:colcon.colcon_core.verb:set package 'controller_test' build argument 'cmake_force_configure' from command line to 'False'
[0.445s] Level 5:colcon.colcon_core.verb:set package 'controller_test' build argument 'ament_cmake_args' from command line to 'None'
[0.445s] Level 5:colcon.colcon_core.verb:set package 'controller_test' build argument 'catkin_cmake_args' from command line to 'None'
[0.445s] Level 5:colcon.colcon_core.verb:set package 'controller_test' build argument 'catkin_skip_building_tests' from command line to 'False'
[0.445s] DEBUG:colcon.colcon_core.verb:Building package 'controller_test' with the following arguments: {'ament_cmake_args': None, 'build_base': '/home/sim_user/ros2_excavator/build/controller_test', 'catkin_cmake_args': None, 'catkin_skip_building_tests': False, 'cmake_args': None, 'cmake_clean_cache': False, 'cmake_clean_first': False, 'cmake_force_configure': False, 'cmake_target': None, 'cmake_target_skip_unavailable': False, 'install_base': '/home/sim_user/ros2_excavator/install/controller_test', 'merge_install': False, 'path': '/home/sim_user/ros2_excavator/src/controller_test', 'symlink_install': False, 'test_result_base': None}
[0.445s] Level 5:colcon.colcon_core.verb:set package 'excavator_model' build argument 'cmake_args' from command line to 'None'
[0.446s] Level 5:colcon.colcon_core.verb:set package 'excavator_model' build argument 'cmake_target' from command line to 'None'
[0.446s] Level 5:colcon.colcon_core.verb:set package 'excavator_model' build argument 'cmake_target_skip_unavailable' from command line to 'False'
[0.446s] Level 5:colcon.colcon_core.verb:set package 'excavator_model' build argument 'cmake_clean_cache' from command line to 'False'
[0.446s] Level 5:colcon.colcon_core.verb:set package 'excavator_model' build argument 'cmake_clean_first' from command line to 'False'
[0.446s] Level 5:colcon.colcon_core.verb:set package 'excavator_model' build argument 'cmake_force_configure' from command line to 'False'
[0.446s] Level 5:colcon.colcon_core.verb:set package 'excavator_model' build argument 'ament_cmake_args' from command line to 'None'
[0.446s] Level 5:colcon.colcon_core.verb:set package 'excavator_model' build argument 'catkin_cmake_args' from command line to 'None'
[0.446s] Level 5:colcon.colcon_core.verb:set package 'excavator_model' build argument 'catkin_skip_building_tests' from command line to 'False'
[0.446s] DEBUG:colcon.colcon_core.verb:Building package 'excavator_model' with the following arguments: {'ament_cmake_args': None, 'build_base': '/home/sim_user/ros2_excavator/build/excavator_model', 'catkin_cmake_args': None, 'catkin_skip_building_tests': False, 'cmake_args': None, 'cmake_clean_cache': False, 'cmake_clean_first': False, 'cmake_force_configure': False, 'cmake_target': None, 'cmake_target_skip_unavailable': False, 'install_base': '/home/sim_user/ros2_excavator/install/excavator_model', 'merge_install': False, 'path': '/home/sim_user/ros2_excavator/src/excavator_model', 'symlink_install': False, 'test_result_base': None}
[0.447s] Level 5:colcon.colcon_core.verb:set package 'my_package' build argument 'cmake_args' from command line to 'None'
[0.447s] Level 5:colcon.colcon_core.verb:set package 'my_package' build argument 'cmake_target' from command line to 'None'
[0.447s] Level 5:colcon.colcon_core.verb:set package 'my_package' build argument 'cmake_target_skip_unavailable' from command line to 'False'
[0.447s] Level 5:colcon.colcon_core.verb:set package 'my_package' build argument 'cmake_clean_cache' from command line to 'False'
[0.447s] Level 5:colcon.colcon_core.verb:set package 'my_package' build argument 'cmake_clean_first' from command line to 'False'
[0.447s] Level 5:colcon.colcon_core.verb:set package 'my_package' build argument 'cmake_force_configure' from command line to 'False'
[0.447s] Level 5:colcon.colcon_core.verb:set package 'my_package' build argument 'ament_cmake_args' from command line to 'None'
[0.447s] Level 5:colcon.colcon_core.verb:set package 'my_package' build argument 'catkin_cmake_args' from command line to 'None'
[0.447s] Level 5:colcon.colcon_core.verb:set package 'my_package' build argument 'catkin_skip_building_tests' from command line to 'False'
[0.447s] DEBUG:colcon.colcon_core.verb:Building package 'my_package' with the following arguments: {'ament_cmake_args': None, 'build_base': '/home/sim_user/ros2_excavator/build/my_package', 'catkin_cmake_args': None, 'catkin_skip_building_tests': False, 'cmake_args': None, 'cmake_clean_cache': False, 'cmake_clean_first': False, 'cmake_force_configure': False, 'cmake_target': None, 'cmake_target_skip_unavailable': False, 'install_base': '/home/sim_user/ros2_excavator/install/my_package', 'merge_install': False, 'path': '/home/sim_user/ros2_excavator/src/my_package', 'symlink_install': False, 'test_result_base': None}
[0.447s] INFO:colcon.colcon_core.executor:Executing jobs using 'parallel' executor
[0.449s] DEBUG:colcon.colcon_parallel_executor.executor.parallel:run_until_complete
[0.450s] INFO:colcon.colcon_ros.task.ament_python.build:Building ROS package in '/home/sim_user/ros2_excavator/src/controller_test' with build type 'ament_python'
[0.450s] Level 1:colcon.colcon_core.shell:create_environment_hook('controller_test', 'ament_prefix_path')
[0.460s] INFO:colcon.colcon_core.plugin_system:Skipping extension 'colcon_core.shell.bat': Not used on non-Windows systems
[0.460s] INFO:colcon.colcon_core.shell:Creating environment hook '/home/sim_user/ros2_excavator/install/controller_test/share/controller_test/hook/ament_prefix_path.ps1'
[0.461s] INFO:colcon.colcon_core.shell:Creating environment descriptor '/home/sim_user/ros2_excavator/install/controller_test/share/controller_test/hook/ament_prefix_path.dsv'
[0.462s] INFO:colcon.colcon_core.shell:Creating environment hook '/home/sim_user/ros2_excavator/install/controller_test/share/controller_test/hook/ament_prefix_path.sh'
[0.464s] INFO:colcon.colcon_core.shell:Skip shell extension 'powershell' for command environment: Not usable outside of PowerShell
[0.464s] DEBUG:colcon.colcon_core.shell:Skip shell extension 'dsv' for command environment
[0.499s] INFO:colcon.colcon_ros.task.ament_python.build:Building ROS package in '/home/sim_user/ros2_excavator/src/excavator_model' with build type 'ament_python'
[0.499s] Level 1:colcon.colcon_core.shell:create_environment_hook('excavator_model', 'ament_prefix_path')
[0.500s] INFO:colcon.colcon_core.shell:Creating environment hook '/home/sim_user/ros2_excavator/install/excavator_model/share/excavator_model/hook/ament_prefix_path.ps1'
[0.501s] INFO:colcon.colcon_core.shell:Creating environment descriptor '/home/sim_user/ros2_excavator/install/excavator_model/share/excavator_model/hook/ament_prefix_path.dsv'
[0.501s] INFO:colcon.colcon_core.shell:Creating environment hook '/home/sim_user/ros2_excavator/install/excavator_model/share/excavator_model/hook/ament_prefix_path.sh'
[0.502s] INFO:colcon.colcon_core.shell:Skip shell extension 'powershell' for command environment: Not usable outside of PowerShell
[0.502s] DEBUG:colcon.colcon_core.shell:Skip shell extension 'dsv' for command environment
[0.525s] INFO:colcon.colcon_ros.task.ament_python.build:Building ROS package in '/home/sim_user/ros2_excavator/src/my_package' with build type 'ament_python'
[0.525s] Level 1:colcon.colcon_core.shell:create_environment_hook('my_package', 'ament_prefix_path')
[0.525s] INFO:colcon.colcon_core.shell:Creating environment hook '/home/sim_user/ros2_excavator/install/my_package/share/my_package/hook/ament_prefix_path.ps1'
[0.525s] INFO:colcon.colcon_core.shell:Creating environment descriptor '/home/sim_user/ros2_excavator/install/my_package/share/my_package/hook/ament_prefix_path.dsv'
[0.526s] INFO:colcon.colcon_core.shell:Creating environment hook '/home/sim_user/ros2_excavator/install/my_package/share/my_package/hook/ament_prefix_path.sh'
[0.526s] INFO:colcon.colcon_core.shell:Skip shell extension 'powershell' for command environment: Not usable outside of PowerShell
[0.526s] DEBUG:colcon.colcon_core.shell:Skip shell extension 'dsv' for command environment
[0.934s] INFO:colcon.colcon_core.task.python.build:Building Python package in '/home/sim_user/ros2_excavator/src/controller_test'
[0.934s] INFO:colcon.colcon_core.shell:Skip shell extension 'powershell' for command environment: Not usable outside of PowerShell
[0.934s] DEBUG:colcon.colcon_core.shell:Skip shell extension 'dsv' for command environment
[1.332s] INFO:colcon.colcon_core.task.python.build:Building Python package in '/home/sim_user/ros2_excavator/src/excavator_model'
[1.332s] INFO:colcon.colcon_core.shell:Skip shell extension 'powershell' for command environment: Not usable outside of PowerShell
[1.332s] DEBUG:colcon.colcon_core.shell:Skip shell extension 'dsv' for command environment
[1.521s] INFO:colcon.colcon_core.task.python.build:Building Python package in '/home/sim_user/ros2_excavator/src/my_package'
[1.521s] INFO:colcon.colcon_core.shell:Skip shell extension 'powershell' for command environment: Not usable outside of PowerShell
[1.521s] DEBUG:colcon.colcon_core.shell:Skip shell extension 'dsv' for command environment
[1.938s] DEBUG:colcon.colcon_core.event_handler.log_command:Invoking command in '/home/sim_user/ros2_excavator/src/excavator_model': PYTHONPATH=/home/sim_user/ros2_excavator/build/excavator_model/prefix_override:/home/sim_user/ros2_excavator/install/excavator_model/lib/python3.10/site-packages:${PYTHONPATH} /usr/bin/python3 -W ignore:setup.py install is deprecated setup.py egg_info --egg-base ../../build/excavator_model build --build-base /home/sim_user/ros2_excavator/build/excavator_model/build install --record /home/sim_user/ros2_excavator/build/excavator_model/install.log --single-version-externally-managed install_data
[1.941s] DEBUG:colcon.colcon_core.event_handler.log_command:Invoking command in '/home/sim_user/ros2_excavator/src/controller_test': PYTHONPATH=/home/sim_user/ros2_excavator/build/controller_test/prefix_override:/home/sim_user/ros2_excavator/install/controller_test/lib/python3.10/site-packages:${PYTHONPATH} /usr/bin/python3 -W ignore:setup.py install is deprecated setup.py egg_info --egg-base ../../build/controller_test build --build-base /home/sim_user/ros2_excavator/build/controller_test/build install --record /home/sim_user/ros2_excavator/build/controller_test/install.log --single-version-externally-managed install_data
[1.943s] DEBUG:colcon.colcon_core.event_handler.log_command:Invoking command in '/home/sim_user/ros2_excavator/src/my_package': PYTHONPATH=/home/sim_user/ros2_excavator/build/my_package/prefix_override:/home/sim_user/ros2_excavator/install/my_package/lib/python3.10/site-packages:${PYTHONPATH} /usr/bin/python3 -W ignore:setup.py install is deprecated setup.py egg_info --egg-base ../../build/my_package build --build-base /home/sim_user/ros2_excavator/build/my_package/build install --record /home/sim_user/ros2_excavator/build/my_package/install.log --single-version-externally-managed install_data
[2.152s] DEBUG:colcon.colcon_core.event_handler.log_command:Invoked command in '/home/sim_user/ros2_excavator/src/controller_test' returned '0': PYTHONPATH=/home/sim_user/ros2_excavator/build/controller_test/prefix_override:/home/sim_user/ros2_excavator/install/controller_test/lib/python3.10/site-packages:${PYTHONPATH} /usr/bin/python3 -W ignore:setup.py install is deprecated setup.py egg_info --egg-base ../../build/controller_test build --build-base /home/sim_user/ros2_excavator/build/controller_test/build install --record /home/sim_user/ros2_excavator/build/controller_test/install.log --single-version-externally-managed install_data
[2.155s] Level 1:colcon.colcon_core.environment:checking '/home/sim_user/ros2_excavator/install/controller_test' for CMake module files
[2.155s] Level 1:colcon.colcon_core.environment:checking '/home/sim_user/ros2_excavator/install/controller_test' for CMake config files
[2.156s] Level 1:colcon.colcon_core.environment:checking '/home/sim_user/ros2_excavator/install/controller_test/lib'
[2.156s] Level 1:colcon.colcon_core.environment:checking '/home/sim_user/ros2_excavator/install/controller_test/bin'
[2.156s] Level 1:colcon.colcon_core.environment:checking '/home/sim_user/ros2_excavator/install/controller_test/lib/pkgconfig/controller_test.pc'
[2.156s] Level 1:colcon.colcon_core.environment:checking '/home/sim_user/ros2_excavator/install/controller_test/lib/python3.10/site-packages'
[2.156s] Level 1:colcon.colcon_core.shell:create_environment_hook('controller_test', 'pythonpath')
[2.156s] INFO:colcon.colcon_core.shell:Creating environment hook '/home/sim_user/ros2_excavator/install/controller_test/share/controller_test/hook/pythonpath.ps1'
[2.157s] INFO:colcon.colcon_core.shell:Creating environment descriptor '/home/sim_user/ros2_excavator/install/controller_test/share/controller_test/hook/pythonpath.dsv'
[2.157s] INFO:colcon.colcon_core.shell:Creating environment hook '/home/sim_user/ros2_excavator/install/controller_test/share/controller_test/hook/pythonpath.sh'
[2.157s] Level 1:colcon.colcon_core.environment:checking '/home/sim_user/ros2_excavator/install/controller_test/bin'
[2.157s] Level 1:colcon.colcon_core.environment:create_environment_scripts_only(controller_test)
[2.157s] INFO:colcon.colcon_core.shell:Creating package script '/home/sim_user/ros2_excavator/install/controller_test/share/controller_test/package.ps1'
[2.157s] INFO:colcon.colcon_core.shell:Creating package descriptor '/home/sim_user/ros2_excavator/install/controller_test/share/controller_test/package.dsv'
[2.158s] INFO:colcon.colcon_core.shell:Creating package script '/home/sim_user/ros2_excavator/install/controller_test/share/controller_test/package.sh'
[2.158s] INFO:colcon.colcon_core.shell:Creating package script '/home/sim_user/ros2_excavator/install/controller_test/share/controller_test/package.bash'
[2.158s] INFO:colcon.colcon_core.shell:Creating package script '/home/sim_user/ros2_excavator/install/controller_test/share/controller_test/package.zsh'
[2.158s] Level 1:colcon.colcon_core.environment:create_file_with_runtime_dependencies(/home/sim_user/ros2_excavator/install/controller_test/share/colcon-core/packages/controller_test)
[2.159s] Level 1:colcon.colcon_core.environment:checking '/home/sim_user/ros2_excavator/install/my_package' for CMake module files
[2.159s] DEBUG:colcon.colcon_core.event_handler.log_command:Invoked command in '/home/sim_user/ros2_excavator/src/my_package' returned '0': PYTHONPATH=/home/sim_user/ros2_excavator/build/my_package/prefix_override:/home/sim_user/ros2_excavator/install/my_package/lib/python3.10/site-packages:${PYTHONPATH} /usr/bin/python3 -W ignore:setup.py install is deprecated setup.py egg_info --egg-base ../../build/my_package build --build-base /home/sim_user/ros2_excavator/build/my_package/build install --record /home/sim_user/ros2_excavator/build/my_package/install.log --single-version-externally-managed install_data
[2.159s] Level 1:colcon.colcon_core.environment:checking '/home/sim_user/ros2_excavator/install/my_package' for CMake config files
[2.160s] Level 1:colcon.colcon_core.environment:checking '/home/sim_user/ros2_excavator/install/my_package/lib'
[2.160s] Level 1:colcon.colcon_core.environment:checking '/home/sim_user/ros2_excavator/install/my_package/bin'
[2.160s] Level 1:colcon.colcon_core.environment:checking '/home/sim_user/ros2_excavator/install/my_package/lib/pkgconfig/my_package.pc'
[2.160s] Level 1:colcon.colcon_core.environment:checking '/home/sim_user/ros2_excavator/install/my_package/lib/python3.10/site-packages'
[2.160s] Level 1:colcon.colcon_core.shell:create_environment_hook('my_package', 'pythonpath')
[2.160s] INFO:colcon.colcon_core.shell:Creating environment hook '/home/sim_user/ros2_excavator/install/my_package/share/my_package/hook/pythonpath.ps1'
[2.161s] INFO:colcon.colcon_core.shell:Creating environment descriptor '/home/sim_user/ros2_excavator/install/my_package/share/my_package/hook/pythonpath.dsv'
[2.161s] INFO:colcon.colcon_core.shell:Creating environment hook '/home/sim_user/ros2_excavator/install/my_package/share/my_package/hook/pythonpath.sh'
[2.161s] Level 1:colcon.colcon_core.environment:checking '/home/sim_user/ros2_excavator/install/my_package/bin'
[2.161s] Level 1:colcon.colcon_core.environment:create_environment_scripts_only(my_package)
[2.161s] INFO:colcon.colcon_core.shell:Creating package script '/home/sim_user/ros2_excavator/install/my_package/share/my_package/package.ps1'
[2.161s] INFO:colcon.colcon_core.shell:Creating package descriptor '/home/sim_user/ros2_excavator/install/my_package/share/my_package/package.dsv'
[2.161s] INFO:colcon.colcon_core.shell:Creating package script '/home/sim_user/ros2_excavator/install/my_package/share/my_package/package.sh'
[2.161s] INFO:colcon.colcon_core.shell:Creating package script '/home/sim_user/ros2_excavator/install/my_package/share/my_package/package.bash'
[2.162s] INFO:colcon.colcon_core.shell:Creating package script '/home/sim_user/ros2_excavator/install/my_package/share/my_package/package.zsh'
[2.162s] Level 1:colcon.colcon_core.environment:create_file_with_runtime_dependencies(/home/sim_user/ros2_excavator/install/my_package/share/colcon-core/packages/my_package)
[2.162s] Level 1:colcon.colcon_core.environment:checking '/home/sim_user/ros2_excavator/install/excavator_model' for CMake module files
[2.162s] DEBUG:colcon.colcon_core.event_handler.log_command:Invoked command in '/home/sim_user/ros2_excavator/src/excavator_model' returned '0': PYTHONPATH=/home/sim_user/ros2_excavator/build/excavator_model/prefix_override:/home/sim_user/ros2_excavator/install/excavator_model/lib/python3.10/site-packages:${PYTHONPATH} /usr/bin/python3 -W ignore:setup.py install is deprecated setup.py egg_info --egg-base ../../build/excavator_model build --build-base /home/sim_user/ros2_excavator/build/excavator_model/build install --record /home/sim_user/ros2_excavator/build/excavator_model/install.log --single-version-externally-managed install_data
[2.162s] Level 1:colcon.colcon_core.environment:checking '/home/sim_user/ros2_excavator/install/excavator_model' for CMake config files
[2.163s] Level 1:colcon.colcon_core.shell:create_environment_hook('excavator_model', 'cmake_prefix_path')
[2.163s] INFO:colcon.colcon_core.shell:Creating environment hook '/home/sim_user/ros2_excavator/install/excavator_model/share/excavator_model/hook/cmake_prefix_path.ps1'
[2.163s] INFO:colcon.colcon_core.shell:Creating environment descriptor '/home/sim_user/ros2_excavator/install/excavator_model/share/excavator_model/hook/cmake_prefix_path.dsv'
[2.163s] INFO:colcon.colcon_core.shell:Creating environment hook '/home/sim_user/ros2_excavator/install/excavator_model/share/excavator_model/hook/cmake_prefix_path.sh'
[2.163s] Level 1:colcon.colcon_core.environment:checking '/home/sim_user/ros2_excavator/install/excavator_model/lib'
[2.163s] Level 1:colcon.colcon_core.environment:checking '/home/sim_user/ros2_excavator/install/excavator_model/bin'
[2.163s] Level 1:colcon.colcon_core.environment:checking '/home/sim_user/ros2_excavator/install/excavator_model/lib/pkgconfig/excavator_model.pc'
[2.163s] Level 1:colcon.colcon_core.environment:checking '/home/sim_user/ros2_excavator/install/excavator_model/lib/python3.10/site-packages'
[2.163s] Level 1:colcon.colcon_core.shell:create_environment_hook('excavator_model', 'pythonpath')
[2.163s] INFO:colcon.colcon_core.shell:Creating environment hook '/home/sim_user/ros2_excavator/install/excavator_model/share/excavator_model/hook/pythonpath.ps1'
[2.163s] INFO:colcon.colcon_core.shell:Creating environment descriptor '/home/sim_user/ros2_excavator/install/excavator_model/share/excavator_model/hook/pythonpath.dsv'
[2.164s] INFO:colcon.colcon_core.shell:Creating environment hook '/home/sim_user/ros2_excavator/install/excavator_model/share/excavator_model/hook/pythonpath.sh'
[2.164s] Level 1:colcon.colcon_core.environment:checking '/home/sim_user/ros2_excavator/install/excavator_model/bin'
[2.164s] Level 1:colcon.colcon_core.environment:create_environment_scripts_only(excavator_model)
[2.164s] INFO:colcon.colcon_core.shell:Creating package script '/home/sim_user/ros2_excavator/install/excavator_model/share/excavator_model/package.ps1'
[2.164s] INFO:colcon.colcon_core.shell:Creating package descriptor '/home/sim_user/ros2_excavator/install/excavator_model/share/excavator_model/package.dsv'
[2.164s] INFO:colcon.colcon_core.shell:Creating package script '/home/sim_user/ros2_excavator/install/excavator_model/share/excavator_model/package.sh'
[2.164s] INFO:colcon.colcon_core.shell:Creating package script '/home/sim_user/ros2_excavator/install/excavator_model/share/excavator_model/package.bash'
[2.164s] INFO:colcon.colcon_core.shell:Creating package script '/home/sim_user/ros2_excavator/install/excavator_model/share/excavator_model/package.zsh'
[2.165s] Level 1:colcon.colcon_core.environment:create_file_with_runtime_dependencies(/home/sim_user/ros2_excavator/install/excavator_model/share/colcon-core/packages/excavator_model)
[2.165s] DEBUG:colcon.colcon_parallel_executor.executor.parallel:closing loop
[2.165s] DEBUG:colcon.colcon_parallel_executor.executor.parallel:loop closed
[2.165s] DEBUG:colcon.colcon_parallel_executor.executor.parallel:run_until_complete finished with '0'
[2.165s] DEBUG:colcon.colcon_core.event_reactor:joining thread
[2.169s] INFO:colcon.colcon_core.plugin_system:Skipping extension 'colcon_notification.desktop_notification.terminal_notifier': Not used on non-Darwin systems
[2.169s] INFO:colcon.colcon_core.plugin_system:Skipping extension 'colcon_notification.desktop_notification.win32': Not used on non-Windows systems
[2.169s] INFO:colcon.colcon_notification.desktop_notification:Sending desktop notification using 'notify2'
[2.175s] DEBUG:colcon.colcon_core.event_reactor:joined thread
[2.175s] INFO:colcon.colcon_core.shell:Creating prefix script '/home/sim_user/ros2_excavator/install/local_setup.ps1'
[2.176s] INFO:colcon.colcon_core.shell:Creating prefix util module '/home/sim_user/ros2_excavator/install/_local_setup_util_ps1.py'
[2.176s] INFO:colcon.colcon_core.shell:Creating prefix chain script '/home/sim_user/ros2_excavator/install/setup.ps1'
[2.185s] INFO:colcon.colcon_core.shell:Creating prefix script '/home/sim_user/ros2_excavator/install/local_setup.sh'
[2.185s] INFO:colcon.colcon_core.shell:Creating prefix util module '/home/sim_user/ros2_excavator/install/_local_setup_util_sh.py'
[2.185s] INFO:colcon.colcon_core.shell:Creating prefix chain script '/home/sim_user/ros2_excavator/install/setup.sh'
[2.193s] INFO:colcon.colcon_core.shell:Creating prefix script '/home/sim_user/ros2_excavator/install/local_setup.bash'
[2.194s] INFO:colcon.colcon_core.shell:Creating prefix chain script '/home/sim_user/ros2_excavator/install/setup.bash'
[2.207s] INFO:colcon.colcon_core.shell:Creating prefix script '/home/sim_user/ros2_excavator/install/local_setup.zsh'
[2.208s] INFO:colcon.colcon_core.shell:Creating prefix chain script '/home/sim_user/ros2_excavator/install/setup.zsh'
