[1.058s] Invoking command in '/home/sim_user/ros2_excavator/src/excavator_model': PYTHONPATH=/home/sim_user/ros2_excavator/build/excavator_model/prefix_override:/home/sim_user/ros2_excavator/install/excavator_model/lib/python3.10/site-packages:${PYTHONPATH} /usr/bin/python3 -W ignore:setup.py install is deprecated setup.py egg_info --egg-base ../../build/excavator_model build --build-base /home/sim_user/ros2_excavator/build/excavator_model/build install --record /home/sim_user/ros2_excavator/build/excavator_model/install.log --single-version-externally-managed install_data
[1.224s] running egg_info
[1.224s] writing ../../build/excavator_model/excavator_model.egg-info/PKG-INFO
[1.225s] writing dependency_links to ../../build/excavator_model/excavator_model.egg-info/dependency_links.txt
[1.225s] writing entry points to ../../build/excavator_model/excavator_model.egg-info/entry_points.txt
[1.225s] writing requirements to ../../build/excavator_model/excavator_model.egg-info/requires.txt
[1.225s] writing top-level names to ../../build/excavator_model/excavator_model.egg-info/top_level.txt
[1.225s] reading manifest file '../../build/excavator_model/excavator_model.egg-info/SOURCES.txt'
[1.226s] writing manifest file '../../build/excavator_model/excavator_model.egg-info/SOURCES.txt'
[1.226s] running build
[1.226s] running build_py
[1.226s] running install
[1.226s] running install_lib
[1.227s] running install_data
[1.227s] copying package.xml -> /home/sim_user/ros2_excavator/install/excavator_model/share/excavator_model
[1.227s] running install_egg_info
[1.228s] removing '/home/sim_user/ros2_excavator/install/excavator_model/lib/python3.10/site-packages/excavator_model-0.0.0-py3.10.egg-info' (and everything under it)
[1.228s] Copying ../../build/excavator_model/excavator_model.egg-info to /home/sim_user/ros2_excavator/install/excavator_model/lib/python3.10/site-packages/excavator_model-0.0.0-py3.10.egg-info
[1.228s] running install_scripts
[1.242s] writing list of installed files to '/home/sim_user/ros2_excavator/build/excavator_model/install.log'
[1.259s] Invoked command in '/home/sim_user/ros2_excavator/src/excavator_model' returned '0': PYTHONPATH=/home/sim_user/ros2_excavator/build/excavator_model/prefix_override:/home/sim_user/ros2_excavator/install/excavator_model/lib/python3.10/site-packages:${PYTHONPATH} /usr/bin/python3 -W ignore:setup.py install is deprecated setup.py egg_info --egg-base ../../build/excavator_model build --build-base /home/sim_user/ros2_excavator/build/excavator_model/build install --record /home/sim_user/ros2_excavator/build/excavator_model/install.log --single-version-externally-managed install_data
