[1.244s] Invoking command in '/home/sim_user/ros2_excavator/src/my_package': PYTHONPATH=/home/sim_user/ros2_excavator/build/my_package/prefix_override:/home/sim_user/ros2_excavator/install/my_package/lib/python3.10/site-packages:${PYTHONPATH} /usr/bin/python3 -W ignore:setup.py install is deprecated setup.py egg_info --egg-base ../../build/my_package build --build-base /home/sim_user/ros2_excavator/build/my_package/build install --record /home/sim_user/ros2_excavator/build/my_package/install.log --single-version-externally-managed install_data
[1.459s] running egg_info
[1.459s] writing ../../build/my_package/my_package.egg-info/PKG-INFO
[1.459s] writing dependency_links to ../../build/my_package/my_package.egg-info/dependency_links.txt
[1.459s] writing entry points to ../../build/my_package/my_package.egg-info/entry_points.txt
[1.459s] writing requirements to ../../build/my_package/my_package.egg-info/requires.txt
[1.459s] writing top-level names to ../../build/my_package/my_package.egg-info/top_level.txt
[1.460s] reading manifest file '../../build/my_package/my_package.egg-info/SOURCES.txt'
[1.460s] adding license file 'LICENSE'
[1.460s] writing manifest file '../../build/my_package/my_package.egg-info/SOURCES.txt'
[1.460s] running build
[1.460s] running build_py
[1.460s] running install
[1.461s] running install_lib
[1.461s] running install_data
[1.461s] running install_egg_info
[1.463s] removing '/home/sim_user/ros2_excavator/install/my_package/lib/python3.10/site-packages/my_package-0.0.0-py3.10.egg-info' (and everything under it)
[1.463s] Copying ../../build/my_package/my_package.egg-info to /home/sim_user/ros2_excavator/install/my_package/lib/python3.10/site-packages/my_package-0.0.0-py3.10.egg-info
[1.463s] running install_scripts
[1.477s] Installing my_node script to /home/sim_user/ros2_excavator/install/my_package/lib/my_package
[1.477s] writing list of installed files to '/home/sim_user/ros2_excavator/build/my_package/install.log'
[1.494s] Invoked command in '/home/sim_user/ros2_excavator/src/my_package' returned '0': PYTHONPATH=/home/sim_user/ros2_excavator/build/my_package/prefix_override:/home/sim_user/ros2_excavator/install/my_package/lib/python3.10/site-packages:${PYTHONPATH} /usr/bin/python3 -W ignore:setup.py install is deprecated setup.py egg_info --egg-base ../../build/my_package build --build-base /home/sim_user/ros2_excavator/build/my_package/build install --record /home/sim_user/ros2_excavator/build/my_package/install.log --single-version-externally-managed install_data
